{"/workspaces/crumbly/src/manifest.config.ts": {"path":"/workspaces/crumbly/src/manifest.config.ts","all":true,"statementMap":{"0":{"start":{"line":1,"column":0},"end":{"line":1,"column":51}},"1":{"start":{"line":2,"column":0},"end":{"line":2,"column":41}},"3":{"start":{"line":4,"column":0},"end":{"line":4,"column":31}},"4":{"start":{"line":5,"column":0},"end":{"line":5,"column":22}},"5":{"start":{"line":6,"column":0},"end":{"line":6,"column":18}},"6":{"start":{"line":7,"column":0},"end":{"line":7,"column":14}},"7":{"start":{"line":8,"column":0},"end":{"line":8,"column":63}},"8":{"start":{"line":9,"column":0},"end":{"line":9,"column":10}},"9":{"start":{"line":10,"column":0},"end":{"line":10,"column":11}},"10":{"start":{"line":11,"column":0},"end":{"line":11,"column":32}},"11":{"start":{"line":12,"column":0},"end":{"line":12,"column":19}},"12":{"start":{"line":13,"column":0},"end":{"line":13,"column":31}},"13":{"start":{"line":14,"column":0},"end":{"line":14,"column":31}},"14":{"start":{"line":15,"column":0},"end":{"line":15,"column":32}},"15":{"start":{"line":16,"column":0},"end":{"line":16,"column":5}},"16":{"start":{"line":17,"column":0},"end":{"line":17,"column":4}},"17":{"start":{"line":18,"column":0},"end":{"line":18,"column":15}},"18":{"start":{"line":19,"column":0},"end":{"line":19,"column":46}},"19":{"start":{"line":20,"column":0},"end":{"line":20,"column":18}},"20":{"start":{"line":21,"column":0},"end":{"line":21,"column":4}},"21":{"start":{"line":22,"column":0},"end":{"line":22,"column":50}},"22":{"start":{"line":23,"column":0},"end":{"line":23,"column":21}},"23":{"start":{"line":24,"column":0},"end":{"line":24,"column":32}},"24":{"start":{"line":25,"column":0},"end":{"line":25,"column":30}},"25":{"start":{"line":26,"column":0},"end":{"line":26,"column":4}},"26":{"start":{"line":27,"column":0},"end":{"line":27,"column":10}},"27":{"start":{"line":28,"column":0},"end":{"line":28,"column":29}},"28":{"start":{"line":29,"column":0},"end":{"line":29,"column":29}},"29":{"start":{"line":30,"column":0},"end":{"line":30,"column":30}},"30":{"start":{"line":31,"column":0},"end":{"line":31,"column":4}},"31":{"start":{"line":32,"column":0},"end":{"line":32,"column":28}},"32":{"start":{"line":33,"column":0},"end":{"line":33,"column":77}},"33":{"start":{"line":34,"column":0},"end":{"line":34,"column":3}},"34":{"start":{"line":35,"column":0},"end":{"line":35,"column":2}}},"s":{"0":0,"1":0,"3":0,"4":0,"5":0,"6":0,"7":0,"8":0,"9":0,"10":0,"11":0,"12":0,"13":0,"14":0,"15":0,"16":0,"17":0,"18":0,"19":0,"20":0,"21":0,"22":0,"23":0,"24":0,"25":0,"26":0,"27":0,"28":0,"29":0,"30":0,"31":0,"32":0,"33":0,"34":0},"branchMap":{"0":{"type":"branch","line":1,"loc":{"start":{"line":1,"column":881},"end":{"line":35,"column":2}},"locations":[{"start":{"line":1,"column":881},"end":{"line":35,"column":2}}]}},"b":{"0":[0]},"fnMap":{"0":{"name":"(empty-report)","decl":{"start":{"line":1,"column":881},"end":{"line":35,"column":2}},"loc":{"start":{"line":1,"column":881},"end":{"line":35,"column":2}},"line":1}},"f":{"0":0}}
,"/workspaces/crumbly/src/background/index.ts": {"path":"/workspaces/crumbly/src/background/index.ts","all":true,"statementMap":{"0":{"start":{"line":1,"column":0},"end":{"line":1,"column":80}},"2":{"start":{"line":3,"column":0},"end":{"line":3,"column":62}},"3":{"start":{"line":4,"column":0},"end":{"line":4,"column":69}},"4":{"start":{"line":5,"column":0},"end":{"line":5,"column":35}},"5":{"start":{"line":6,"column":0},"end":{"line":6,"column":53}},"6":{"start":{"line":7,"column":0},"end":{"line":7,"column":48}},"7":{"start":{"line":8,"column":0},"end":{"line":8,"column":3}}},"s":{"0":0,"2":0,"3":0,"4":0,"5":0,"6":0,"7":0},"branchMap":{"0":{"type":"branch","line":1,"loc":{"start":{"line":1,"column":0},"end":{"line":8,"column":-84}},"locations":[{"start":{"line":1,"column":0},"end":{"line":8,"column":-84}}]}},"b":{"0":[0]},"fnMap":{"0":{"name":"(empty-report)","decl":{"start":{"line":1,"column":0},"end":{"line":8,"column":-84}},"loc":{"start":{"line":1,"column":0},"end":{"line":8,"column":-84}},"line":1}},"f":{"0":0}}
,"/workspaces/crumbly/src/modules/cookies/cookiesservice.ts": {"path":"/workspaces/crumbly/src/modules/cookies/cookiesservice.ts","all":false,"statementMap":{"12":{"start":{"line":13,"column":0},"end":{"line":13,"column":34}},"13":{"start":{"line":14,"column":0},"end":{"line":14,"column":29}},"14":{"start":{"line":15,"column":0},"end":{"line":15,"column":26}},"15":{"start":{"line":16,"column":0},"end":{"line":16,"column":46}},"16":{"start":{"line":17,"column":0},"end":{"line":17,"column":71}},"19":{"start":{"line":20,"column":0},"end":{"line":20,"column":55}},"22":{"start":{"line":23,"column":0},"end":{"line":23,"column":15}},"23":{"start":{"line":24,"column":0},"end":{"line":24,"column":13}},"24":{"start":{"line":25,"column":0},"end":{"line":25,"column":41}},"25":{"start":{"line":26,"column":0},"end":{"line":26,"column":37}},"26":{"start":{"line":27,"column":0},"end":{"line":27,"column":34}},"27":{"start":{"line":28,"column":0},"end":{"line":28,"column":4}},"29":{"start":{"line":30,"column":0},"end":{"line":30,"column":10}},"30":{"start":{"line":31,"column":0},"end":{"line":31,"column":9}},"31":{"start":{"line":32,"column":0},"end":{"line":32,"column":24}},"32":{"start":{"line":33,"column":0},"end":{"line":33,"column":21}},"33":{"start":{"line":34,"column":0},"end":{"line":34,"column":12}},"34":{"start":{"line":35,"column":0},"end":{"line":35,"column":4}},"35":{"start":{"line":36,"column":0},"end":{"line":36,"column":1}},"41":{"start":{"line":42,"column":0},"end":{"line":42,"column":37}},"42":{"start":{"line":43,"column":0},"end":{"line":43,"column":21}},"43":{"start":{"line":44,"column":0},"end":{"line":44,"column":33}},"44":{"start":{"line":45,"column":0},"end":{"line":45,"column":30}},"45":{"start":{"line":46,"column":0},"end":{"line":46,"column":56}},"46":{"start":{"line":47,"column":0},"end":{"line":47,"column":35}},"48":{"start":{"line":49,"column":0},"end":{"line":49,"column":27}},"49":{"start":{"line":50,"column":0},"end":{"line":50,"column":73}},"50":{"start":{"line":51,"column":0},"end":{"line":51,"column":52}},"51":{"start":{"line":52,"column":0},"end":{"line":52,"column":19}},"53":{"start":{"line":54,"column":0},"end":{"line":54,"column":21}},"54":{"start":{"line":55,"column":0},"end":{"line":55,"column":39}},"55":{"start":{"line":56,"column":0},"end":{"line":56,"column":38}},"56":{"start":{"line":57,"column":0},"end":{"line":57,"column":38}},"57":{"start":{"line":58,"column":0},"end":{"line":58,"column":7}},"58":{"start":{"line":59,"column":0},"end":{"line":59,"column":6}},"60":{"start":{"line":61,"column":0},"end":{"line":61,"column":49}},"62":{"start":{"line":63,"column":0},"end":{"line":63,"column":33}},"63":{"start":{"line":64,"column":0},"end":{"line":64,"column":58}},"64":{"start":{"line":65,"column":0},"end":{"line":65,"column":11}},"65":{"start":{"line":66,"column":0},"end":{"line":66,"column":45}},"66":{"start":{"line":67,"column":0},"end":{"line":67,"column":30}},"67":{"start":{"line":68,"column":0},"end":{"line":68,"column":1}},"71":{"start":{"line":72,"column":0},"end":{"line":72,"column":57}},"72":{"start":{"line":73,"column":0},"end":{"line":73,"column":10}},"73":{"start":{"line":74,"column":0},"end":{"line":74,"column":21}},"74":{"start":{"line":75,"column":0},"end":{"line":75,"column":17}},"75":{"start":{"line":76,"column":0},"end":{"line":76,"column":17}},"76":{"start":{"line":77,"column":0},"end":{"line":77,"column":19}},"77":{"start":{"line":78,"column":0},"end":{"line":78,"column":21}},"78":{"start":{"line":79,"column":0},"end":{"line":79,"column":25}},"79":{"start":{"line":80,"column":0},"end":{"line":80,"column":71}},"80":{"start":{"line":81,"column":0},"end":{"line":81,"column":61}},"81":{"start":{"line":82,"column":0},"end":{"line":82,"column":4}},"82":{"start":{"line":83,"column":0},"end":{"line":83,"column":1}},"84":{"start":{"line":85,"column":0},"end":{"line":85,"column":63}},"85":{"start":{"line":86,"column":0},"end":{"line":86,"column":79}},"86":{"start":{"line":87,"column":0},"end":{"line":87,"column":10}},"87":{"start":{"line":88,"column":0},"end":{"line":88,"column":8}},"88":{"start":{"line":89,"column":0},"end":{"line":89,"column":21}},"89":{"start":{"line":90,"column":0},"end":{"line":90,"column":17}},"90":{"start":{"line":91,"column":0},"end":{"line":91,"column":17}},"91":{"start":{"line":92,"column":0},"end":{"line":92,"column":19}},"92":{"start":{"line":93,"column":0},"end":{"line":93,"column":21}},"93":{"start":{"line":94,"column":0},"end":{"line":94,"column":25}},"94":{"start":{"line":95,"column":0},"end":{"line":95,"column":45}},"95":{"start":{"line":96,"column":0},"end":{"line":96,"column":37}},"96":{"start":{"line":97,"column":0},"end":{"line":97,"column":4}},"97":{"start":{"line":98,"column":0},"end":{"line":98,"column":1}},"99":{"start":{"line":100,"column":0},"end":{"line":100,"column":67}},"101":{"start":{"line":102,"column":0},"end":{"line":102,"column":28}},"102":{"start":{"line":103,"column":0},"end":{"line":103,"column":50}},"103":{"start":{"line":104,"column":0},"end":{"line":104,"column":52}},"104":{"start":{"line":105,"column":0},"end":{"line":105,"column":38}},"105":{"start":{"line":106,"column":0},"end":{"line":106,"column":1}},"107":{"start":{"line":108,"column":0},"end":{"line":108,"column":68}}},"s":{"12":4,"13":4,"14":4,"15":4,"16":4,"19":4,"22":4,"23":4,"24":3,"25":0,"26":0,"27":4,"29":4,"30":4,"31":4,"32":4,"33":4,"34":4,"35":4,"41":1,"42":1,"43":1,"44":1,"45":1,"46":1,"48":1,"49":1,"50":1,"51":1,"53":1,"54":1,"55":1,"56":1,"57":1,"58":1,"60":1,"62":1,"63":1,"64":1,"65":1,"66":1,"67":1,"71":7,"72":7,"73":7,"74":7,"75":7,"76":7,"77":7,"78":7,"79":7,"80":7,"81":7,"82":7,"84":1,"85":1,"86":1,"87":1,"88":1,"89":1,"90":1,"91":1,"92":1,"93":1,"94":1,"95":1,"96":1,"97":1,"99":10,"101":10,"102":10,"103":10,"104":4,"105":4,"107":1},"branchMap":{"0":{"type":"branch","line":13,"loc":{"start":{"line":13,"column":0},"end":{"line":36,"column":1}},"locations":[{"start":{"line":13,"column":0},"end":{"line":36,"column":1}}]},"1":{"type":"branch","line":17,"loc":{"start":{"line":17,"column":30},"end":{"line":17,"column":69}},"locations":[{"start":{"line":17,"column":30},"end":{"line":17,"column":69}}]},"2":{"type":"branch","line":24,"loc":{"start":{"line":24,"column":4},"end":{"line":27,"column":34}},"locations":[{"start":{"line":24,"column":4},"end":{"line":27,"column":34}}]},"3":{"type":"branch","line":25,"loc":{"start":{"line":25,"column":37},"end":{"line":26,"column":37}},"locations":[{"start":{"line":25,"column":37},"end":{"line":26,"column":37}}]},"4":{"type":"branch","line":26,"loc":{"start":{"line":26,"column":33},"end":{"line":27,"column":34}},"locations":[{"start":{"line":26,"column":33},"end":{"line":27,"column":34}}]},"5":{"type":"branch","line":42,"loc":{"start":{"line":42,"column":0},"end":{"line":68,"column":1}},"locations":[{"start":{"line":42,"column":0},"end":{"line":68,"column":1}}]},"6":{"type":"branch","line":46,"loc":{"start":{"line":46,"column":18},"end":{"line":46,"column":53}},"locations":[{"start":{"line":46,"column":18},"end":{"line":46,"column":53}}]},"7":{"type":"branch","line":46,"loc":{"start":{"line":46,"column":42},"end":{"line":46,"column":56}},"locations":[{"start":{"line":46,"column":42},"end":{"line":46,"column":56}}]},"8":{"type":"branch","line":50,"loc":{"start":{"line":50,"column":12},"end":{"line":50,"column":72}},"locations":[{"start":{"line":50,"column":12},"end":{"line":50,"column":72}}]},"9":{"type":"branch","line":50,"loc":{"start":{"line":50,"column":22},"end":{"line":50,"column":67}},"locations":[{"start":{"line":50,"column":22},"end":{"line":50,"column":67}}]},"10":{"type":"branch","line":51,"loc":{"start":{"line":51,"column":12},"end":{"line":51,"column":51}},"locations":[{"start":{"line":51,"column":12},"end":{"line":51,"column":51}}]},"11":{"type":"branch","line":54,"loc":{"start":{"line":54,"column":9},"end":{"line":58,"column":7}},"locations":[{"start":{"line":54,"column":9},"end":{"line":58,"column":7}}]},"12":{"type":"branch","line":56,"loc":{"start":{"line":56,"column":8},"end":{"line":56,"column":38}},"locations":[{"start":{"line":56,"column":8},"end":{"line":56,"column":38}}]},"13":{"type":"branch","line":64,"loc":{"start":{"line":64,"column":4},"end":{"line":64,"column":58}},"locations":[{"start":{"line":64,"column":4},"end":{"line":64,"column":58}}]},"14":{"type":"branch","line":72,"loc":{"start":{"line":72,"column":0},"end":{"line":83,"column":1}},"locations":[{"start":{"line":72,"column":0},"end":{"line":83,"column":1}}]},"15":{"type":"branch","line":80,"loc":{"start":{"line":80,"column":29},"end":{"line":80,"column":60}},"locations":[{"start":{"line":80,"column":29},"end":{"line":80,"column":60}}]},"16":{"type":"branch","line":80,"loc":{"start":{"line":80,"column":48},"end":{"line":80,"column":71}},"locations":[{"start":{"line":80,"column":48},"end":{"line":80,"column":71}}]},"17":{"type":"branch","line":81,"loc":{"start":{"line":81,"column":32},"end":{"line":81,"column":61}},"locations":[{"start":{"line":81,"column":32},"end":{"line":81,"column":61}}]},"18":{"type":"branch","line":85,"loc":{"start":{"line":85,"column":0},"end":{"line":98,"column":1}},"locations":[{"start":{"line":85,"column":0},"end":{"line":98,"column":1}}]},"19":{"type":"branch","line":86,"loc":{"start":{"line":86,"column":28},"end":{"line":86,"column":44}},"locations":[{"start":{"line":86,"column":28},"end":{"line":86,"column":44}}]},"20":{"type":"branch","line":95,"loc":{"start":{"line":95,"column":16},"end":{"line":95,"column":45}},"locations":[{"start":{"line":95,"column":16},"end":{"line":95,"column":45}}]},"21":{"type":"branch","line":100,"loc":{"start":{"line":100,"column":0},"end":{"line":106,"column":1}},"locations":[{"start":{"line":100,"column":0},"end":{"line":106,"column":1}}]},"22":{"type":"branch","line":103,"loc":{"start":{"line":103,"column":8},"end":{"line":103,"column":20}},"locations":[{"start":{"line":103,"column":8},"end":{"line":103,"column":20}}]},"23":{"type":"branch","line":103,"loc":{"start":{"line":103,"column":37},"end":{"line":103,"column":50}},"locations":[{"start":{"line":103,"column":37},"end":{"line":103,"column":50}}]},"24":{"type":"branch","line":104,"loc":{"start":{"line":104,"column":9},"end":{"line":104,"column":40}},"locations":[{"start":{"line":104,"column":9},"end":{"line":104,"column":40}}]},"25":{"type":"branch","line":104,"loc":{"start":{"line":104,"column":40},"end":{"line":104,"column":52}},"locations":[{"start":{"line":104,"column":40},"end":{"line":104,"column":52}}]},"26":{"type":"branch","line":104,"loc":{"start":{"line":104,"column":47},"end":{"line":106,"column":1}},"locations":[{"start":{"line":104,"column":47},"end":{"line":106,"column":1}}]},"27":{"type":"branch","line":105,"loc":{"start":{"line":105,"column":22},"end":{"line":105,"column":36}},"locations":[{"start":{"line":105,"column":22},"end":{"line":105,"column":36}}]},"28":{"type":"branch","line":108,"loc":{"start":{"line":108,"column":16},"end":{"line":108,"column":68}},"locations":[{"start":{"line":108,"column":16},"end":{"line":108,"column":68}}]},"29":{"type":"branch","line":108,"loc":{"start":{"line":108,"column":61},"end":{"line":108,"column":68}},"locations":[{"start":{"line":108,"column":61},"end":{"line":108,"column":68}}]}},"b":{"0":[4],"1":[8],"2":[3],"3":[0],"4":[0],"5":[1],"6":[0],"7":[0],"8":[2],"9":[0],"10":[2],"11":[1],"12":[1],"13":[1],"14":[7],"15":[4],"16":[3],"17":[0],"18":[1],"19":[0],"20":[0],"21":[10],"22":[0],"23":[0],"24":[4],"25":[6],"26":[4],"27":[4],"28":[11],"29":[0]},"fnMap":{"0":{"name":"dumpCookies","decl":{"start":{"line":13,"column":0},"end":{"line":36,"column":1}},"loc":{"start":{"line":13,"column":0},"end":{"line":36,"column":1}},"line":13},"1":{"name":"restoreCookies","decl":{"start":{"line":42,"column":0},"end":{"line":68,"column":1}},"loc":{"start":{"line":42,"column":0},"end":{"line":68,"column":1}},"line":42},"2":{"name":"chrome.cookies.set.then.ok","decl":{"start":{"line":56,"column":8},"end":{"line":56,"column":38}},"loc":{"start":{"line":56,"column":8},"end":{"line":56,"column":38}},"line":56},"3":{"name":"toEntry","decl":{"start":{"line":72,"column":0},"end":{"line":83,"column":1}},"loc":{"start":{"line":72,"column":0},"end":{"line":83,"column":1}},"line":72},"4":{"name":"fromEntry","decl":{"start":{"line":85,"column":0},"end":{"line":98,"column":1}},"loc":{"start":{"line":85,"column":0},"end":{"line":98,"column":1}},"line":85},"5":{"name":"domainAllowed","decl":{"start":{"line":100,"column":0},"end":{"line":106,"column":1}},"loc":{"start":{"line":100,"column":0},"end":{"line":106,"column":1}},"line":100},"6":{"name":"trimDot","decl":{"start":{"line":108,"column":16},"end":{"line":108,"column":68}},"loc":{"start":{"line":108,"column":16},"end":{"line":108,"column":68}},"line":108}},"f":{"0":4,"1":1,"2":1,"3":7,"4":1,"5":10,"6":11}}
,"/workspaces/crumbly/src/popup/App.tsx": {"path":"/workspaces/crumbly/src/popup/App.tsx","all":true,"statementMap":{"0":{"start":{"line":1,"column":0},"end":{"line":1,"column":19}},"2":{"start":{"line":3,"column":0},"end":{"line":3,"column":31}},"3":{"start":{"line":4,"column":0},"end":{"line":4,"column":10}},"4":{"start":{"line":5,"column":0},"end":{"line":5,"column":30}},"5":{"start":{"line":6,"column":0},"end":{"line":6,"column":57}},"6":{"start":{"line":7,"column":0},"end":{"line":7,"column":66}},"7":{"start":{"line":8,"column":0},"end":{"line":8,"column":10}},"9":{"start":{"line":10,"column":0},"end":{"line":10,"column":1}}},"s":{"0":0,"2":0,"3":0,"4":0,"5":0,"6":0,"7":0,"9":0},"branchMap":{"0":{"type":"branch","line":1,"loc":{"start":{"line":1,"column":237},"end":{"line":10,"column":1}},"locations":[{"start":{"line":1,"column":237},"end":{"line":10,"column":1}}]}},"b":{"0":[0]},"fnMap":{"0":{"name":"(empty-report)","decl":{"start":{"line":1,"column":237},"end":{"line":10,"column":1}},"loc":{"start":{"line":1,"column":237},"end":{"line":10,"column":1}},"line":1}},"f":{"0":0}}
,"/workspaces/crumbly/src/popup/main.tsx": {"path":"/workspaces/crumbly/src/popup/main.tsx","all":true,"statementMap":{"0":{"start":{"line":1,"column":0},"end":{"line":1,"column":34}},"1":{"start":{"line":2,"column":0},"end":{"line":2,"column":45}},"2":{"start":{"line":3,"column":0},"end":{"line":3,"column":20}},"3":{"start":{"line":4,"column":0},"end":{"line":4,"column":27}},"5":{"start":{"line":6,"column":0},"end":{"line":6,"column":52}},"6":{"start":{"line":7,"column":0},"end":{"line":7,"column":14}},"7":{"start":{"line":8,"column":0},"end":{"line":8,"column":11}},"8":{"start":{"line":9,"column":0},"end":{"line":9,"column":16}},"9":{"start":{"line":10,"column":0},"end":{"line":10,"column":1}}},"s":{"0":0,"1":0,"2":0,"3":0,"5":0,"6":0,"7":0,"8":0,"9":0},"branchMap":{"0":{"type":"branch","line":1,"loc":{"start":{"line":1,"column":203},"end":{"line":10,"column":-148}},"locations":[{"start":{"line":1,"column":203},"end":{"line":10,"column":-148}}]}},"b":{"0":[0]},"fnMap":{"0":{"name":"(empty-report)","decl":{"start":{"line":1,"column":203},"end":{"line":10,"column":-148}},"loc":{"start":{"line":1,"column":203},"end":{"line":10,"column":-148}},"line":1}},"f":{"0":0}}
}
